<?xml version="1.0" encoding="UTF-8"?>
<!-- Generated by org.testng.reporters.JUnitReportReporter -->
<testsuite hostname="DESKTOP-PL2KKMG" failures="0" tests="3" name="module6.Annotations" time="0.025" errors="0" timestamp="2020-07-13T13:19:25 IST" skipped="0">
  <testcase classname="module6.Annotations" name="Test2" time="0.003"/>
  <system-out/>
  <testcase classname="module6.Annotations" name="Test3" time="0.013"/>
  <system-out/>
  <testcase classname="module6.Annotations" name="Test1" time="0.009"/>
  <system-out/>
</testsuite> <!-- module6.Annotations -->
